<?xml version="1.0" encoding="UTF-8"?>
<!-- Generated by org.testng.reporters.JUnitReportReporter -->
<testsuite hostname="LAPTOP-0CD9HAI4" failures="0" tests="2" name="cit.automation.FirstTest" time="12.231" errors="0" timestamp="2023-03-06T12:00:47 IST" skipped="0">
  <testcase classname="cit.automation.FirstTest" name="firstTestMethod" time="6.890"/>
  <system-out/>
  <testcase classname="cit.automation.FirstTest" name="firstChromeTest" time="5.341"/>
  <system-out/>
</testsuite> <!-- cit.automation.FirstTest -->
