<?xml version="1.0" encoding="UTF-8"?>
<!-- Generated by org.testng.reporters.JUnitReportReporter -->
<testsuite hostname="LAPTOP-0CD9HAI4" failures="0" tests="1" name="cit.automation.AppTest" time="0.001" errors="0" timestamp="2023-03-06T12:00:48 IST" skipped="0">
  <testcase classname="cit.automation.AppTest" name="testApp" time="0.001"/>
  <system-out/>
</testsuite> <!-- cit.automation.AppTest -->
